<?xml version="1.0" encoding="UTF-8"?>
<coverage generated="1705335344869" clover="3.2.0">
  <project timestamp="1705335344869" name="All files">
    <metrics statements="17" coveredstatements="16" conditionals="10" coveredconditionals="9" methods="1" coveredmethods="1" elements="28" coveredelements="26" complexity="0" loc="17" ncloc="17" packages="1" files="1" classes="1"/>
    <file name="validations.js" path="C:\Ecole\Bloc 2\devops-exam-2024\devops-exam-2024-1\src\services\validations.js">
      <metrics statements="17" coveredstatements="16" conditionals="10" coveredconditionals="9" methods="1" coveredmethods="1"/>
      <line num="2" count="1" type="stmt"/>
      <line num="3" count="5" type="stmt"/>
      <line num="4" count="5" type="stmt"/>
      <line num="5" count="5" type="stmt"/>
      <line num="6" count="11" type="cond" truecount="2" falsecount="0"/>
      <line num="7" count="4" type="stmt"/>
      <line num="9" count="7" type="cond" truecount="2" falsecount="0"/>
      <line num="10" count="1" type="stmt"/>
      <line num="13" count="4" type="cond" truecount="1" falsecount="1"/>
      <line num="14" count="0" type="stmt"/>
      <line num="16" count="4" type="stmt"/>
      <line num="17" count="13" type="cond" truecount="2" falsecount="0"/>
      <line num="18" count="3" type="stmt"/>
      <line num="20" count="10" type="cond" truecount="2" falsecount="0"/>
      <line num="21" count="1" type="stmt"/>
      <line num="24" count="3" type="stmt"/>
      <line num="29" count="1" type="stmt"/>
    </file>
  </project>
</coverage>
