{"C:\\Ecole\\Bloc 2\\devops-exam-2024\\devops-exam-2024-1\\src\\services\\validations.js": {"path":"C:\\Ecole\\Bloc 2\\devops-exam-2024\\devops-exam-2024-1\\src\\services\\validations.js","statementMap":{"0":{"start":{"line":2,"column":16},"end":{"line":16,"column":1}},"1":{"start":{"line":3,"column":29},"end":{"line":3,"column":58}},"2":{"start":{"line":4,"column":4},"end":{"line":8,"column":5}},"3":{"start":{"line":4,"column":17},"end":{"line":4,"column":18}},"4":{"start":{"line":5,"column":8},"end":{"line":7,"column":9}},"5":{"start":{"line":6,"column":8},"end":{"line":6,"column":20}},"6":{"start":{"line":11,"column":4},"end":{"line":13,"column":5}},"7":{"start":{"line":12,"column":8},"end":{"line":12,"column":20}},"8":{"start":{"line":14,"column":4},"end":{"line":14,"column":17}},"9":{"start":{"line":18,"column":0},"end":{"line":18,"column":26}}},"fnMap":{"0":{"name":"(anonymous_0)","decl":{"start":{"line":2,"column":16},"end":{"line":2,"column":17}},"loc":{"start":{"line":2,"column":29},"end":{"line":16,"column":1}},"line":2}},"branchMap":{"0":{"loc":{"start":{"line":5,"column":8},"end":{"line":7,"column":9}},"type":"if","locations":[{"start":{"line":5,"column":8},"end":{"line":7,"column":9}},{"start":{},"end":{}}],"line":5},"1":{"loc":{"start":{"line":11,"column":4},"end":{"line":13,"column":5}},"type":"if","locations":[{"start":{"line":11,"column":4},"end":{"line":13,"column":5}},{"start":{},"end":{}}],"line":11}},"s":{"0":1,"1":2,"2":2,"3":2,"4":8,"5":1,"6":1,"7":1,"8":0,"9":1},"f":{"0":2},"b":{"0":[1,7],"1":[1,0]},"_coverageSchema":"1a1c01bbd47fc00a2c39e90264f33305004495a9","hash":"57cae820c89a5f4c24a3908cf785a0c262b61e87"}
}
